<?xml version="1.0" encoding="UTF-8"?>
<testsuite name="TestSuite" time="5.379" tests="2" errors="0" skipped="0" failures="2">
  <properties>
[...]
</properties>
  <testcase name="feature" classname="com.cucumber.BuildIT.base_files.runners.TestRunner" time="5.379">
    <failure message="java.lang.AssertionError: The following asserts failed:&#10;	 Date does not match in first row expected [31] but found [20],&#10;	 Date does not match in second row expected [1] but found [21],&#10;	 Date does not match in third row expected [2] but found [22],&#10;	 Date does not match in fourth row expected [3] but found [23],&#10;	 Date does not match in fifth row expected [4] but found [24]" type="cucumber.runtime.CucumberException">cucumber.runtime.CucumberException: java.lang.AssertionError: The following asserts failed:
	 Date does not match in first row expected [31] but found [20],
	 Date does not match in second row expected [1] but found [21],
	 Date does not match in third row expected [2] but found [22],
	 Date does not match in fourth row expected [3] but found [23],
	 Date does not match in fifth row expected [4] but found [24]
	at cucumber.api.testng.TestNGCucumberRunner.runCucumber(TestNGCucumberRunner.java:69)
	at cucumber.api.testng.AbstractTestNGCucumberTests.feature(AbstractTestNGCucumberTests.java:21)
	at sun.reflect.NativeMethodAccessorImpl.invoke0(Native Method)
	at sun.reflect.NativeMethodAccessorImpl.invoke(NativeMethodAccessorImpl.java:62)
	at sun.reflect.DelegatingMethodAccessorImpl.invoke(DelegatingMethodAccessorImpl.java:43)
	at java.lang.reflect.Method.invoke(Method.java:498)
	at org.testng.internal.MethodInvocationHelper.invokeMethod(MethodInvocationHelper.java:104)
	at org.testng.internal.Invoker.invokeMethod(Invoker.java:645)
	at org.testng.internal.Invoker.invokeTestMethod(Invoker.java:851)
	at org.testng.internal.Invoker.invokeTestMethods(Invoker.java:1177)
	at org.testng.internal.TestMethodWorker.invokeTestMethods(TestMethodWorker.java:129)
	at org.testng.internal.TestMethodWorker.run(TestMethodWorker.java:112)
	at java.util.concurrent.ThreadPoolExecutor.runWorker(ThreadPoolExecutor.java:1142)
	at java.util.concurrent.ThreadPoolExecutor$Worker.run(ThreadPoolExecutor.java:617)
	at java.lang.Thread.run(Thread.java:745)
Caused by: java.lang.AssertionError: The following asserts failed:
	 Date does not match in first row expected [31] but found [20],
	 Date does not match in second row expected [1] but found [21],
	 Date does not match in third row expected [2] but found [22],
	 Date does not match in fourth row expected [3] but found [23],
	 Date does not match in fifth row expected [4] but found [24]
	at org.testng.asserts.SoftAssert.assertAll(SoftAssert.java:43)
	at com.cucumber.BuildIT.base_files.page_objects.Home_Page.Verify_Dates(Home_Page.java:92)
	at com.cucumber.BuildIT.base_files.glue.Verify_Default_Values.Verify_Dates(Verify_Default_Values.java:19)
	at ✽.Then I should be able to see five dates starting from current date(Verify_Default_Values.feature:19)
</failure>
    <system-out><![CDATA[Feature: To verify default screen /home screen for weather forecast report application.

  Scenario Outline: Verify headline and number of columns                     &amp#27;[90m# Verify_Default_Values.feature:3&amp#27;[0m
    &amp#27;[36mGiven &amp#27;[0m&amp#27;[36mI have entered the city as "<City>" to know weather forecast report&amp#27;[0m
    &amp#27;[36mWhen &amp#27;[0m&amp#27;[36mI see weather forecast report&amp#27;[0m
    &amp#27;[36mThen &amp#27;[0m&amp#27;[36mI should be able to see headline with city name as "<City>"&amp#27;[0m

    Examples: 
In Before Scenario
In Dali forecast constructor
Strdate vaue is date-1
In Dali forecast constructor
Strdate vaue is date-2
In Dali forecast constructor
Strdate vaue is date-3
In Dali forecast constructor
Strdate vaue is date-4
In Dali forecast constructor
Strdate vaue is date-5

  Scenario Outline: Verify headline and number of columns                      &amp#27;[90m# Verify_Default_Values.feature:11&amp#27;[0m
    &amp#27;[32mGiven &amp#27;[0m&amp#27;[32mI have entered the city as "&amp#27;[0m&amp#27;[32m&amp#27;[1mGlasgow&amp#27;[0m&amp#27;[32m" to know weather forecast report&amp#27;[0m &amp#27;[90m# Base_Step_Definition.Fetch_Weather_Forcast_For_City(String)&amp#27;[0m
    &amp#27;[32mWhen &amp#27;[0m&amp#27;[32mI see weather forecast report&amp#27;[0m                                         &amp#27;[90m# Base_Step_Definition.Verify_Home_Page()&amp#27;[0m
    &amp#27;[32mThen &amp#27;[0m&amp#27;[32mI should be able to see headline with city name as "&amp#27;[0m&amp#27;[32m&amp#27;[1mGlasgow&amp#27;[0m&amp#27;[32m"&amp#27;[0m          &amp#27;[90m# Verify_Default_Values.Verify_Headline(String)&amp#27;[0m

  Scenario Outline: Verify dates and day                                      &amp#27;[90m# Verify_Default_Values.feature:15&amp#27;[0m
    &amp#27;[36mGiven &amp#27;[0m&amp#27;[36mI have entered the city as "<City>" to know weather forecast report&amp#27;[0m
    &amp#27;[36mWhen &amp#27;[0m&amp#27;[36mI see weather forecast report&amp#27;[0m
    &amp#27;[36mThen &amp#27;[0m&amp#27;[36mI should be able to see five dates starting from current date&amp#27;[0m
    &amp#27;[36mAnd &amp#27;[0m&amp#27;[36mEach date should be mapped with correct day&amp#27;[0m

    Examples: 
In Before Scenario
In Dali forecast constructor
Strdate vaue is date-1
In Dali forecast constructor
Strdate vaue is date-2
In Dali forecast constructor
Strdate vaue is date-3
In Dali forecast constructor
Strdate vaue is date-4
In Dali forecast constructor
Strdate vaue is date-5

  Scenario Outline: Verify dates and day                                       &amp#27;[90m# Verify_Default_Values.feature:24&amp#27;[0m
    &amp#27;[32mGiven &amp#27;[0m&amp#27;[32mI have entered the city as "&amp#27;[0m&amp#27;[32m&amp#27;[1mGlasgow&amp#27;[0m&amp#27;[32m" to know weather forecast report&amp#27;[0m &amp#27;[90m# Base_Step_Definition.Fetch_Weather_Forcast_For_City(String)&amp#27;[0m
    &amp#27;[32mWhen &amp#27;[0m&amp#27;[32mI see weather forecast report&amp#27;[0m                                         &amp#27;[90m# Base_Step_Definition.Verify_Home_Page()&amp#27;[0m
    &amp#27;[31mThen &amp#27;[0m&amp#27;[31mI should be able to see five dates starting from current date&amp#27;[0m         &amp#27;[90m# Verify_Default_Values.Verify_Dates()&amp#27;[0m
      &amp#27;[31mjava.lang.AssertionError: The following asserts failed:
      	 Date does not match in first row expected [31] but found [20],
      	 Date does not match in second row expected [1] but found [21],
      	 Date does not match in third row expected [2] but found [22],
      	 Date does not match in fourth row expected [3] but found [23],
      	 Date does not match in fifth row expected [4] but found [24]
      	at org.testng.asserts.SoftAssert.assertAll(SoftAssert.java:43)
      	at com.cucumber.BuildIT.base_files.page_objects.Home_Page.Verify_Dates(Home_Page.java:92)
      	at com.cucumber.BuildIT.base_files.glue.Verify_Default_Values.Verify_Dates(Verify_Default_Values.java:19)
      	at ✽.Then I should be able to see five dates starting from current date(Verify_Default_Values.feature:19)
      &amp#27;[0m
    &amp#27;[36mAnd &amp#27;[0m&amp#27;[36mEach date should be mapped with correct day&amp#27;[0m                            &amp#27;[90m# Verify_Default_Values.Verify_Day()&amp#27;[0m
]]></system-out>
    <system-err><![CDATA[Starting ChromeDriver 2.25.426935 (820a95b0b81d33e42712f9198c215f703412e1a1) on port 14226
Only local connections are allowed.
Mar 31, 2017 12:54:02 PM org.openqa.selenium.remote.ProtocolHandshake createSession
INFO: Detected dialect: OSS
Starting ChromeDriver 2.25.426935 (820a95b0b81d33e42712f9198c215f703412e1a1) on port 5972
Only local connections are allowed.
Mar 31, 2017 12:54:05 PM org.openqa.selenium.remote.ProtocolHandshake createSession
INFO: Detected dialect: OSS
]]></system-err>
  </testcase>
  <testcase name="feature" classname="com.cucumber.BuildIT.base_files.runners.TestRunner" time="66.722">
    <failure message="org.openqa.selenium.TimeoutException: Expected condition failed: waiting for visibility of element located by By.xpath: //span[@class=&apos;hour&apos; and @data-test=&apos;hour-1-5&apos;] (tried for 20 second(s) with 500 MILLISECONDS interval)" type="cucumber.runtime.CucumberException">cucumber.runtime.CucumberException: org.openqa.selenium.TimeoutException: Expected condition failed: waiting for visibility of element located by By.xpath: //span[@class='hour' and @data-test='hour-1-5'] (tried for 20 second(s) with 500 MILLISECONDS interval)
	at cucumber.api.testng.TestNGCucumberRunner.runCucumber(TestNGCucumberRunner.java:69)
	at cucumber.api.testng.AbstractTestNGCucumberTests.feature(AbstractTestNGCucumberTests.java:21)
	at sun.reflect.NativeMethodAccessorImpl.invoke0(Native Method)
	at sun.reflect.NativeMethodAccessorImpl.invoke(NativeMethodAccessorImpl.java:62)
	at sun.reflect.DelegatingMethodAccessorImpl.invoke(DelegatingMethodAccessorImpl.java:43)
	at java.lang.reflect.Method.invoke(Method.java:498)
	at org.testng.internal.MethodInvocationHelper.invokeMethod(MethodInvocationHelper.java:104)
	at org.testng.internal.Invoker.invokeMethod(Invoker.java:645)
	at org.testng.internal.Invoker.invokeTestMethod(Invoker.java:851)
	at org.testng.internal.Invoker.invokeTestMethods(Invoker.java:1177)
	at org.testng.internal.TestMethodWorker.invokeTestMethods(TestMethodWorker.java:129)
	at org.testng.internal.TestMethodWorker.run(TestMethodWorker.java:112)
	at java.util.concurrent.ThreadPoolExecutor.runWorker(ThreadPoolExecutor.java:1142)
	at java.util.concurrent.ThreadPoolExecutor$Worker.run(ThreadPoolExecutor.java:617)
	at java.lang.Thread.run(Thread.java:745)
Caused by: org.openqa.selenium.TimeoutException: Expected condition failed: waiting for visibility of element located by By.xpath: //span[@class='hour' and @data-test='hour-1-5'] (tried for 20 second(s) with 500 MILLISECONDS interval)
	at org.openqa.selenium.support.ui.WebDriverWait.timeoutException(WebDriverWait.java:80)
	at org.openqa.selenium.support.ui.FluentWait.until(FluentWait.java:232)
	at com.cucumber.BuildIT.base_files.framework.Utils.wait_explicit_till_element_Displayed(Utils.java:82)
	at com.cucumber.BuildIT.base_files.framework.Utils.verify_Element_displayed(Utils.java:44)
	at com.cucumber.BuildIT.base_files.page_objects.Hourly_Forecast.Verify_All_Elements_Displayed(Hourly_Forecast.java:76)
	at com.cucumber.BuildIT.base_files.glue.Verify_Weather_Forecast_Report.Verify_Hourly_Report_Displayed(Verify_Weather_Forecast_Report.java:32)
	at ✽.Then I should be able to see three hourly dividation of day report for row "one"(Verify_Weather_Forecast_Report.feature:20)
Caused by: org.openqa.selenium.NoSuchElementException: Cannot locate an element using By.xpath: //span[@class='hour' and @data-test='hour-1-5']
For documentation on this error, please visit: http://seleniumhq.org/exceptions/no_such_element.html
Build info: version: '3.3.1', revision: '5234b325d5', time: '2017-03-10 09:10:29 +0000'
System info: host: 'tglm.local', ip: 'fe80:0:0:0:3e15:c2ff:fee9:7526%en0', os.name: 'Mac OS X', os.arch: 'x86_64', os.version: '10.11.1', java.version: '1.8.0_102'
Driver info: driver.version: unknown
	at org.openqa.selenium.support.ui.ExpectedConditions.lambda$findElement$0(ExpectedConditions.java:899)
	at java.util.Optional.orElseThrow(Optional.java:290)
	at org.openqa.selenium.support.ui.ExpectedConditions.findElement(ExpectedConditions.java:898)
	at org.openqa.selenium.support.ui.ExpectedConditions.access$000(ExpectedConditions.java:44)
	at org.openqa.selenium.support.ui.ExpectedConditions$7.apply(ExpectedConditions.java:208)
	at org.openqa.selenium.support.ui.ExpectedConditions$7.apply(ExpectedConditions.java:204)
	at org.openqa.selenium.support.ui.FluentWait.until(FluentWait.java:209)
	at com.cucumber.BuildIT.base_files.framework.Utils.wait_explicit_till_element_Displayed(Utils.java:82)
	at com.cucumber.BuildIT.base_files.framework.Utils.verify_Element_displayed(Utils.java:44)
	at com.cucumber.BuildIT.base_files.page_objects.Hourly_Forecast.Verify_All_Elements_Displayed(Hourly_Forecast.java:76)
	at com.cucumber.BuildIT.base_files.glue.Verify_Weather_Forecast_Report.Verify_Hourly_Report_Displayed(Verify_Weather_Forecast_Report.java:32)
	at sun.reflect.NativeMethodAccessorImpl.invoke0(Native Method)
	at sun.reflect.NativeMethodAccessorImpl.invoke(NativeMethodAccessorImpl.java:62)
	at sun.reflect.DelegatingMethodAccessorImpl.invoke(DelegatingMethodAccessorImpl.java:43)
	at java.lang.reflect.Method.invoke(Method.java:498)
	at cucumber.runtime.Utils$1.call(Utils.java:40)
	at cucumber.runtime.Timeout.timeout(Timeout.java:16)
	at cucumber.runtime.Utils.invoke(Utils.java:34)
	at cucumber.runtime.java.JavaStepDefinition.execute(JavaStepDefinition.java:35)
	at cucumber.runtime.StepDefinitionMatch.runStep(StepDefinitionMatch.java:37)
	at cucumber.runtime.Runtime.runStep(Runtime.java:300)
	at cucumber.runtime.model.StepContainer.runStep(StepContainer.java:44)
	at cucumber.runtime.model.StepContainer.runSteps(StepContainer.java:39)
	at cucumber.runtime.model.CucumberScenario.run(CucumberScenario.java:44)
	at cucumber.runtime.model.CucumberScenarioOutline.run(CucumberScenarioOutline.java:46)
	at cucumber.runtime.model.CucumberFeature.run(CucumberFeature.java:165)
	at cucumber.api.testng.TestNGCucumberRunner.runCucumber(TestNGCucumberRunner.java:63)
	at cucumber.api.testng.AbstractTestNGCucumberTests.feature(AbstractTestNGCucumberTests.java:21)
	at sun.reflect.NativeMethodAccessorImpl.invoke0(Native Method)
	at sun.reflect.NativeMethodAccessorImpl.invoke(NativeMethodAccessorImpl.java:62)
	at sun.reflect.DelegatingMethodAccessorImpl.invoke(DelegatingMethodAccessorImpl.java:43)
	at java.lang.reflect.Method.invoke(Method.java:498)
	at org.testng.internal.MethodInvocationHelper.invokeMethod(MethodInvocationHelper.java:104)
	at org.testng.internal.Invoker.invokeMethod(Invoker.java:645)
	at org.testng.internal.Invoker.invokeTestMethod(Invoker.java:851)
	at org.testng.internal.Invoker.invokeTestMethods(Invoker.java:1177)
	at org.testng.internal.TestMethodWorker.invokeTestMethods(TestMethodWorker.java:129)
	at org.testng.internal.TestMethodWorker.run(TestMethodWorker.java:112)
	at java.util.concurrent.ThreadPoolExecutor.runWorker(ThreadPoolExecutor.java:1142)
	at java.util.concurrent.ThreadPoolExecutor$Worker.run(ThreadPoolExecutor.java:617)
	at java.lang.Thread.run(Thread.java:745)
</failure>
    <system-out><![CDATA[Feature: To verify different functionalities /features in report

  Scenario Outline: Verify user can see five day weather forecast report. Verify all fields displayed. &amp#27;[90m# Verify_Weather_Forecast_Report.feature:4&amp#27;[0m
    &amp#27;[36mGiven &amp#27;[0m&amp#27;[36mI have entered the city as "<City>" to know weather forecast report&amp#27;[0m
    &amp#27;[36mWhen &amp#27;[0m&amp#27;[36mI see weather forecast report&amp#27;[0m
    &amp#27;[36mThen &amp#27;[0m&amp#27;[36mI should be able to see all fields for five days&amp#27;[0m

    Examples: 
In Before Scenario
In Dali forecast constructor
Strdate vaue is date-1
In Dali forecast constructor
Strdate vaue is date-2
In Dali forecast constructor
Strdate vaue is date-3
In Dali forecast constructor
Strdate vaue is date-4
In Dali forecast constructor
Strdate vaue is date-5

  Scenario Outline: Verify user can see five day weather forecast report. Verify all fields displayed. &amp#27;[90m# Verify_Weather_Forecast_Report.feature:13&amp#27;[0m
    &amp#27;[32mGiven &amp#27;[0m&amp#27;[32mI have entered the city as "&amp#27;[0m&amp#27;[32m&amp#27;[1mGlasgow&amp#27;[0m&amp#27;[32m" to know weather forecast report&amp#27;[0m                         &amp#27;[90m# Base_Step_Definition.Fetch_Weather_Forcast_For_City(String)&amp#27;[0m
    &amp#27;[32mWhen &amp#27;[0m&amp#27;[32mI see weather forecast report&amp#27;[0m                                                                 &amp#27;[90m# Base_Step_Definition.Verify_Home_Page()&amp#27;[0m
    &amp#27;[32mThen &amp#27;[0m&amp#27;[32mI should be able to see all fields for five days&amp#27;[0m                                              &amp#27;[90m# Verify_Weather_Forecast_Report.Verify_All_Fields_Displayed_For_Five_Days()&amp#27;[0m

  Scenario Outline: Verify user can see three hourly report if user clicks on day             &amp#27;[90m# Verify_Weather_Forecast_Report.feature:16&amp#27;[0m
    &amp#27;[36mGiven &amp#27;[0m&amp#27;[36mI have entered the city as "<City>" to know weather forecast report&amp#27;[0m
    &amp#27;[36mWhen &amp#27;[0m&amp#27;[36mI click on day in row number "<Day Number>"&amp#27;[0m
    &amp#27;[36mThen &amp#27;[0m&amp#27;[36mI should be able to see three hourly dividation of day report for row "<Day Number>"&amp#27;[0m

    Examples: 
In Before Scenario
In Dali forecast constructor
Strdate vaue is date-1
In Dali forecast constructor
Strdate vaue is date-2
In Dali forecast constructor
Strdate vaue is date-3
In Dali forecast constructor
Strdate vaue is date-4
In Dali forecast constructor
Strdate vaue is date-5
In Before Scenario
In Dali forecast constructor
Strdate vaue is date-1
In Dali forecast constructor
Strdate vaue is date-2
In Dali forecast constructor
Strdate vaue is date-3
In Dali forecast constructor
Strdate vaue is date-4
In Dali forecast constructor
Strdate vaue is date-5

  Scenario Outline: Verify user can see three hourly report if user clicks on day    &amp#27;[90m# Verify_Weather_Forecast_Report.feature:24&amp#27;[0m
    &amp#27;[32mGiven &amp#27;[0m&amp#27;[32mI have entered the city as "&amp#27;[0m&amp#27;[32m&amp#27;[1mGlasgow&amp#27;[0m&amp#27;[32m" to know weather forecast report&amp#27;[0m       &amp#27;[90m# Base_Step_Definition.Fetch_Weather_Forcast_For_City(String)&amp#27;[0m
    &amp#27;[32mWhen &amp#27;[0m&amp#27;[32mI click on day in row number "&amp#27;[0m&amp#27;[32m&amp#27;[1mone&amp#27;[0m&amp#27;[32m"&amp#27;[0m                                          &amp#27;[90m# Verify_Weather_Forecast_Report.Select_Day(String)&amp#27;[0m
    &amp#27;[31mThen &amp#27;[0m&amp#27;[31mI should be able to see three hourly dividation of day report for row "&amp#27;[0m&amp#27;[31m&amp#27;[1mone&amp#27;[0m&amp#27;[31m"&amp#27;[0m &amp#27;[90m# Verify_Weather_Forecast_Report.Verify_Hourly_Report_Displayed(String)&amp#27;[0m
      &amp#27;[31morg.openqa.selenium.TimeoutException: Expected condition failed: waiting for visibility of element located by By.xpath: //span[@class='hour' and @data-test='hour-1-5'] (tried for 20 second(s) with 500 MILLISECONDS interval)
      	at org.openqa.selenium.support.ui.WebDriverWait.timeoutException(WebDriverWait.java:80)
      	at org.openqa.selenium.support.ui.FluentWait.until(FluentWait.java:232)
      	at com.cucumber.BuildIT.base_files.framework.Utils.wait_explicit_till_element_Displayed(Utils.java:82)
      	at com.cucumber.BuildIT.base_files.framework.Utils.verify_Element_displayed(Utils.java:44)
      	at com.cucumber.BuildIT.base_files.page_objects.Hourly_Forecast.Verify_All_Elements_Displayed(Hourly_Forecast.java:76)
      	at com.cucumber.BuildIT.base_files.glue.Verify_Weather_Forecast_Report.Verify_Hourly_Report_Displayed(Verify_Weather_Forecast_Report.java:32)
      	at ✽.Then I should be able to see three hourly dividation of day report for row "one"(Verify_Weather_Forecast_Report.feature:20)
      Caused by: org.openqa.selenium.NoSuchElementException: Cannot locate an element using By.xpath: //span[@class='hour' and @data-test='hour-1-5']
      For documentation on this error, please visit: http://seleniumhq.org/exceptions/no_such_element.html
      Build info: version: '3.3.1', revision: '5234b325d5', time: '2017-03-10 09:10:29 +0000'
      System info: host: 'tglm.local', ip: 'fe80:0:0:0:3e15:c2ff:fee9:7526%en0', os.name: 'Mac OS X', os.arch: 'x86_64', os.version: '10.11.1', java.version: '1.8.0_102'
      Driver info: driver.version: unknown
      	at org.openqa.selenium.support.ui.ExpectedConditions.lambda$findElement$0(ExpectedConditions.java:899)
      	at java.util.Optional.orElseThrow(Optional.java:290)
      	at org.openqa.selenium.support.ui.ExpectedConditions.findElement(ExpectedConditions.java:898)
      	at org.openqa.selenium.support.ui.ExpectedConditions.access$000(ExpectedConditions.java:44)
      	at org.openqa.selenium.support.ui.ExpectedConditions$7.apply(ExpectedConditions.java:208)
      	at org.openqa.selenium.support.ui.ExpectedConditions$7.apply(ExpectedConditions.java:204)
      	at org.openqa.selenium.support.ui.FluentWait.until(FluentWait.java:209)
      	at com.cucumber.BuildIT.base_files.framework.Utils.wait_explicit_till_element_Displayed(Utils.java:82)
      	at com.cucumber.BuildIT.base_files.framework.Utils.verify_Element_displayed(Utils.java:44)
      	at com.cucumber.BuildIT.base_files.page_objects.Hourly_Forecast.Verify_All_Elements_Displayed(Hourly_Forecast.java:76)
      	at com.cucumber.BuildIT.base_files.glue.Verify_Weather_Forecast_Report.Verify_Hourly_Report_Displayed(Verify_Weather_Forecast_Report.java:32)
      	at sun.reflect.NativeMethodAccessorImpl.invoke0(Native Method)
      	at sun.reflect.NativeMethodAccessorImpl.invoke(NativeMethodAccessorImpl.java:62)
      	at sun.reflect.DelegatingMethodAccessorImpl.invoke(DelegatingMethodAccessorImpl.java:43)
      	at java.lang.reflect.Method.invoke(Method.java:498)
      	at cucumber.runtime.Utils$1.call(Utils.java:40)
      	at cucumber.runtime.Timeout.timeout(Timeout.java:16)
      	at cucumber.runtime.Utils.invoke(Utils.java:34)
      	at cucumber.runtime.java.JavaStepDefinition.execute(JavaStepDefinition.java:35)
      	at cucumber.runtime.StepDefinitionMatch.runStep(StepDefinitionMatch.java:37)
      	at cucumber.runtime.Runtime.runStep(Runtime.java:300)
      	at cucumber.runtime.model.StepContainer.runStep(StepContainer.java:44)
      	at cucumber.runtime.model.StepContainer.runSteps(StepContainer.java:39)
      	at cucumber.runtime.model.CucumberScenario.run(CucumberScenario.java:44)
      	at cucumber.runtime.model.CucumberScenarioOutline.run(CucumberScenarioOutline.java:46)
      	at cucumber.runtime.model.CucumberFeature.run(CucumberFeature.java:165)
      	at cucumber.api.testng.TestNGCucumberRunner.runCucumber(TestNGCucumberRunner.java:63)
      	at cucumber.api.testng.AbstractTestNGCucumberTests.feature(AbstractTestNGCucumberTests.java:21)
      	at sun.reflect.NativeMethodAccessorImpl.invoke0(Native Method)
      	at sun.reflect.NativeMethodAccessorImpl.invoke(NativeMethodAccessorImpl.java:62)
      	at sun.reflect.DelegatingMethodAccessorImpl.invoke(DelegatingMethodAccessorImpl.java:43)
      	at java.lang.reflect.Method.invoke(Method.java:498)
      	at org.testng.internal.MethodInvocationHelper.invokeMethod(MethodInvocationHelper.java:104)
      	at org.testng.internal.Invoker.invokeMethod(Invoker.java:645)
      	at org.testng.internal.Invoker.invokeTestMethod(Invoker.java:851)
      	at org.testng.internal.Invoker.invokeTestMethods(Invoker.java:1177)
      	at org.testng.internal.TestMethodWorker.invokeTestMethods(TestMethodWorker.java:129)
      	at org.testng.internal.TestMethodWorker.run(TestMethodWorker.java:112)
      	at java.util.concurrent.ThreadPoolExecutor.runWorker(ThreadPoolExecutor.java:1142)
      	at java.util.concurrent.ThreadPoolExecutor$Worker.run(ThreadPoolExecutor.java:617)
      	at java.lang.Thread.run(Thread.java:745)
      &amp#27;[0m
In Before Scenario
In Dali forecast constructor
Strdate vaue is date-1
In Dali forecast constructor
Strdate vaue is date-2
In Dali forecast constructor
Strdate vaue is date-3
In Dali forecast constructor
Strdate vaue is date-4
In Dali forecast constructor
Strdate vaue is date-5

  Scenario Outline: Verify user can see three hourly report if user clicks on day    &amp#27;[90m# Verify_Weather_Forecast_Report.feature:25&amp#27;[0m
    &amp#27;[32mGiven &amp#27;[0m&amp#27;[32mI have entered the city as "&amp#27;[0m&amp#27;[32m&amp#27;[1mGlasgow&amp#27;[0m&amp#27;[32m" to know weather forecast report&amp#27;[0m       &amp#27;[90m# Base_Step_Definition.Fetch_Weather_Forcast_For_City(String)&amp#27;[0m
    &amp#27;[32mWhen &amp#27;[0m&amp#27;[32mI click on day in row number "&amp#27;[0m&amp#27;[32m&amp#27;[1mtwo&amp#27;[0m&amp#27;[32m"&amp#27;[0m                                          &amp#27;[90m# Verify_Weather_Forecast_Report.Select_Day(String)&amp#27;[0m
    &amp#27;[32mThen &amp#27;[0m&amp#27;[32mI should be able to see three hourly dividation of day report for row "&amp#27;[0m&amp#27;[32m&amp#27;[1mtwo&amp#27;[0m&amp#27;[32m"&amp#27;[0m &amp#27;[90m# Verify_Weather_Forecast_Report.Verify_Hourly_Report_Displayed(String)&amp#27;[0m
In Before Scenario
In Dali forecast constructor
Strdate vaue is date-1
In Dali forecast constructor
Strdate vaue is date-2
In Dali forecast constructor
Strdate vaue is date-3
In Dali forecast constructor
Strdate vaue is date-4
In Dali forecast constructor
Strdate vaue is date-5

  Scenario Outline: Verify user can see three hourly report if user clicks on day      &amp#27;[90m# Verify_Weather_Forecast_Report.feature:26&amp#27;[0m
    &amp#27;[32mGiven &amp#27;[0m&amp#27;[32mI have entered the city as "&amp#27;[0m&amp#27;[32m&amp#27;[1mGlasgow&amp#27;[0m&amp#27;[32m" to know weather forecast report&amp#27;[0m         &amp#27;[90m# Base_Step_Definition.Fetch_Weather_Forcast_For_City(String)&amp#27;[0m
    &amp#27;[32mWhen &amp#27;[0m&amp#27;[32mI click on day in row number "&amp#27;[0m&amp#27;[32m&amp#27;[1mthree&amp#27;[0m&amp#27;[32m"&amp#27;[0m                                          &amp#27;[90m# Verify_Weather_Forecast_Report.Select_Day(String)&amp#27;[0m
    &amp#27;[31mThen &amp#27;[0m&amp#27;[31mI should be able to see three hourly dividation of day report for row "&amp#27;[0m&amp#27;[31m&amp#27;[1mthree&amp#27;[0m&amp#27;[31m"&amp#27;[0m &amp#27;[90m# Verify_Weather_Forecast_Report.Verify_Hourly_Report_Displayed(String)&amp#27;[0m
      &amp#27;[31morg.openqa.selenium.TimeoutException: Expected condition failed: waiting for visibility of element located by By.xpath: //span[@class='hour' and @data-test='hour-3-1â¨'] (tried for 20 second(s) with 500 MILLISECONDS interval)
      	at org.openqa.selenium.support.ui.WebDriverWait.timeoutException(WebDriverWait.java:80)
      	at org.openqa.selenium.support.ui.FluentWait.until(FluentWait.java:232)
      	at com.cucumber.BuildIT.base_files.framework.Utils.wait_explicit_till_element_Displayed(Utils.java:82)
      	at com.cucumber.BuildIT.base_files.framework.Utils.verify_Element_displayed(Utils.java:44)
      	at com.cucumber.BuildIT.base_files.page_objects.Hourly_Forecast.Verify_All_Elements_Displayed(Hourly_Forecast.java:76)
      	at com.cucumber.BuildIT.base_files.glue.Verify_Weather_Forecast_Report.Verify_Hourly_Report_Displayed(Verify_Weather_Forecast_Report.java:24)
      	at ✽.Then I should be able to see three hourly dividation of day report for row "three"(Verify_Weather_Forecast_Report.feature:20)
      Caused by: org.openqa.selenium.NoSuchElementException: Cannot locate an element using By.xpath: //span[@class='hour' and @data-test='hour-3-1â¨']
      For documentation on this error, please visit: http://seleniumhq.org/exceptions/no_such_element.html
      Build info: version: '3.3.1', revision: '5234b325d5', time: '2017-03-10 09:10:29 +0000'
      System info: host: 'tglm.local', ip: 'fe80:0:0:0:3e15:c2ff:fee9:7526%en0', os.name: 'Mac OS X', os.arch: 'x86_64', os.version: '10.11.1', java.version: '1.8.0_102'
      Driver info: driver.version: unknown
      	at org.openqa.selenium.support.ui.ExpectedConditions.lambda$findElement$0(ExpectedConditions.java:899)
      	at java.util.Optional.orElseThrow(Optional.java:290)
      	at org.openqa.selenium.support.ui.ExpectedConditions.findElement(ExpectedConditions.java:898)
      	at org.openqa.selenium.support.ui.ExpectedConditions.access$000(ExpectedConditions.java:44)
      	at org.openqa.selenium.support.ui.ExpectedConditions$7.apply(ExpectedConditions.java:208)
      	at org.openqa.selenium.support.ui.ExpectedConditions$7.apply(ExpectedConditions.java:204)
      	at org.openqa.selenium.support.ui.FluentWait.until(FluentWait.java:209)
      	at com.cucumber.BuildIT.base_files.framework.Utils.wait_explicit_till_element_Displayed(Utils.java:82)
      	at com.cucumber.BuildIT.base_files.framework.Utils.verify_Element_displayed(Utils.java:44)
      	at com.cucumber.BuildIT.base_files.page_objects.Hourly_Forecast.Verify_All_Elements_Displayed(Hourly_Forecast.java:76)
      	at com.cucumber.BuildIT.base_files.glue.Verify_Weather_Forecast_Report.Verify_Hourly_Report_Displayed(Verify_Weather_Forecast_Report.java:24)
      	at sun.reflect.NativeMethodAccessorImpl.invoke0(Native Method)
      	at sun.reflect.NativeMethodAccessorImpl.invoke(NativeMethodAccessorImpl.java:62)
      	at sun.reflect.DelegatingMethodAccessorImpl.invoke(DelegatingMethodAccessorImpl.java:43)
      	at java.lang.reflect.Method.invoke(Method.java:498)
      	at cucumber.runtime.Utils$1.call(Utils.java:40)
      	at cucumber.runtime.Timeout.timeout(Timeout.java:16)
      	at cucumber.runtime.Utils.invoke(Utils.java:34)
      	at cucumber.runtime.java.JavaStepDefinition.execute(JavaStepDefinition.java:35)
      	at cucumber.runtime.StepDefinitionMatch.runStep(StepDefinitionMatch.java:37)
      	at cucumber.runtime.Runtime.runStep(Runtime.java:300)
      	at cucumber.runtime.model.StepContainer.runStep(StepContainer.java:44)
      	at cucumber.runtime.model.StepContainer.runSteps(StepContainer.java:39)
      	at cucumber.runtime.model.CucumberScenario.run(CucumberScenario.java:44)
      	at cucumber.runtime.model.CucumberScenarioOutline.run(CucumberScenarioOutline.java:46)
      	at cucumber.runtime.model.CucumberFeature.run(CucumberFeature.java:165)
      	at cucumber.api.testng.TestNGCucumberRunner.runCucumber(TestNGCucumberRunner.java:63)
      	at cucumber.api.testng.AbstractTestNGCucumberTests.feature(AbstractTestNGCucumberTests.java:21)
      	at sun.reflect.NativeMethodAccessorImpl.invoke0(Native Method)
      	at sun.reflect.NativeMethodAccessorImpl.invoke(NativeMethodAccessorImpl.java:62)
      	at sun.reflect.DelegatingMethodAccessorImpl.invoke(DelegatingMethodAccessorImpl.java:43)
      	at java.lang.reflect.Method.invoke(Method.java:498)
      	at org.testng.internal.MethodInvocationHelper.invokeMethod(MethodInvocationHelper.java:104)
      	at org.testng.internal.Invoker.invokeMethod(Invoker.java:645)
      	at org.testng.internal.Invoker.invokeTestMethod(Invoker.java:851)
      	at org.testng.internal.Invoker.invokeTestMethods(Invoker.java:1177)
      	at org.testng.internal.TestMethodWorker.invokeTestMethods(TestMethodWorker.java:129)
      	at org.testng.internal.TestMethodWorker.run(TestMethodWorker.java:112)
      	at java.util.concurrent.ThreadPoolExecutor.runWorker(ThreadPoolExecutor.java:1142)
      	at java.util.concurrent.ThreadPoolExecutor$Worker.run(ThreadPoolExecutor.java:617)
      	at java.lang.Thread.run(Thread.java:745)
      &amp#27;[0m
In Before Scenario
In Dali forecast constructor
Strdate vaue is date-1
In Dali forecast constructor
Strdate vaue is date-2
In Dali forecast constructor
Strdate vaue is date-3
In Dali forecast constructor
Strdate vaue is date-4
In Dali forecast constructor
Strdate vaue is date-5

  Scenario Outline: Verify user can see three hourly report if user clicks on day     &amp#27;[90m# Verify_Weather_Forecast_Report.feature:27&amp#27;[0m
    &amp#27;[32mGiven &amp#27;[0m&amp#27;[32mI have entered the city as "&amp#27;[0m&amp#27;[32m&amp#27;[1mGlasgow&amp#27;[0m&amp#27;[32m" to know weather forecast report&amp#27;[0m        &amp#27;[90m# Base_Step_Definition.Fetch_Weather_Forcast_For_City(String)&amp#27;[0m
    &amp#27;[32mWhen &amp#27;[0m&amp#27;[32mI click on day in row number "&amp#27;[0m&amp#27;[32m&amp#27;[1mfour&amp#27;[0m&amp#27;[32m"&amp#27;[0m                                          &amp#27;[90m# Verify_Weather_Forecast_Report.Select_Day(String)&amp#27;[0m
    &amp#27;[32mThen &amp#27;[0m&amp#27;[32mI should be able to see three hourly dividation of day report for row "&amp#27;[0m&amp#27;[32m&amp#27;[1mfour&amp#27;[0m&amp#27;[32m"&amp#27;[0m &amp#27;[90m# Verify_Weather_Forecast_Report.Verify_Hourly_Report_Displayed(String)&amp#27;[0m

  Scenario Outline: Verify user can see three hourly report if user clicks on day     &amp#27;[90m# Verify_Weather_Forecast_Report.feature:28&amp#27;[0m
    &amp#27;[32mGiven &amp#27;[0m&amp#27;[32mI have entered the city as "&amp#27;[0m&amp#27;[32m&amp#27;[1mGlasgow&amp#27;[0m&amp#27;[32m" to know weather forecast report&amp#27;[0m        &amp#27;[90m# Base_Step_Definition.Fetch_Weather_Forcast_For_City(String)&amp#27;[0m
    &amp#27;[32mWhen &amp#27;[0m&amp#27;[32mI click on day in row number "&amp#27;[0m&amp#27;[32m&amp#27;[1mfive&amp#27;[0m&amp#27;[32m"&amp#27;[0m                                          &amp#27;[90m# Verify_Weather_Forecast_Report.Select_Day(String)&amp#27;[0m
    &amp#27;[32mThen &amp#27;[0m&amp#27;[32mI should be able to see three hourly dividation of day report for row "&amp#27;[0m&amp#27;[32m&amp#27;[1mfive&amp#27;[0m&amp#27;[32m"&amp#27;[0m &amp#27;[90m# Verify_Weather_Forecast_Report.Verify_Hourly_Report_Displayed(String)&amp#27;[0m
]]></system-out>
    <system-err><![CDATA[Starting ChromeDriver 2.25.426935 (820a95b0b81d33e42712f9198c215f703412e1a1) on port 28754
Only local connections are allowed.
Mar 31, 2017 12:54:07 PM org.openqa.selenium.remote.ProtocolHandshake createSession
INFO: Detected dialect: OSS
Starting ChromeDriver 2.25.426935 (820a95b0b81d33e42712f9198c215f703412e1a1) on port 27705
Only local connections are allowed.
Mar 31, 2017 12:54:11 PM org.openqa.selenium.remote.ProtocolHandshake createSession
INFO: Detected dialect: OSS
Starting ChromeDriver 2.25.426935 (820a95b0b81d33e42712f9198c215f703412e1a1) on port 46067
Only local connections are allowed.
Mar 31, 2017 12:54:35 PM org.openqa.selenium.remote.ProtocolHandshake createSession
INFO: Detected dialect: OSS
Starting ChromeDriver 2.25.426935 (820a95b0b81d33e42712f9198c215f703412e1a1) on port 24130
Only local connections are allowed.
Mar 31, 2017 12:54:40 PM org.openqa.selenium.remote.ProtocolHandshake createSession
INFO: Detected dialect: OSS
Starting ChromeDriver 2.25.426935 (820a95b0b81d33e42712f9198c215f703412e1a1) on port 21619
Only local connections are allowed.
Mar 31, 2017 12:55:03 PM org.openqa.selenium.remote.ProtocolHandshake createSession
INFO: Detected dialect: OSS
Starting ChromeDriver 2.25.426935 (820a95b0b81d33e42712f9198c215f703412e1a1) on port 12163
Only local connections are allowed.
Mar 31, 2017 12:55:08 PM org.openqa.selenium.remote.ProtocolHandshake createSession
INFO: Detected dialect: OSS
]]></system-err>
  </testcase>
</testsuite>